It is never too late to mend. 
Light come, light go. 
Time is money. 
A friend in need is a friend indeed. 
Great hopes make great man. 
After a storm comes a calm. 
All roads lead to Rome. 
Art is long, but life is short. 
Stick to it, and you‘ll succeed. 
Early to bed and early to rise makes a man healthy, wealthy, and wise. 
A good medicine tastes bitter. 
It is good to learn at another man‘s cost. 
Keeping is harder than winning. 
Let‘s cross the bridge when we come to it. 
More haste, less speed. 
No pains, no gains. 
Nothing is difficult to the man who will try. 
Where there is life, there is hope. 
An idle youth, a needy age. 
We must not lie down, and cry, "God help us." 
A plant may produce new flowers; man is young but once. 
God helps those who help themselves. 
What may be done at any time will be done at no time. 
All work and no play makes Jack a dull boy. 
Diligence is the mother of success. 
Truth is the daughter of time. 
Take care of the pence, and the pounds will take care of themselves. 
No man is wise at all times. 
Never put off till tomorrow what you can do today. 
Live and learn. 
Kill two birds with one stone. 
It never rains but it pours. 
In doing we learn. 
Easier said than done. 
An ounce of prevention is worth a pound of cure. 
Industry is fortune‘s right hand, and frugality her left. 
Genius is one percent inspiration and  percent perspiration. 
He who laughs last laughs best. 
He who pays the piper, calls the tune. 
He who has health has hope, and he who has hope has everything. 
No man is born wise or learned. 
Action speak louder than words. 
Courage and resolution are the spirit and soul of virtue. 
United we stand, divided we fall. 
There is no smoke without fire. 
Many hands make light work. 
Reading makes a full man. 
The best horse needs breeding, and the aptest child needs teaching. 
Learn young, learn fair. 
Wisdom in the mind is better than money in the hand. 
Once bitten, twice shy. 
Sound in body, sound in mind. 
Seeing is believing. 
Dogs wave their tails not so much in, love to you as your bread. 
Money is a good servant but a bad master. 
It‘s hard sailing when there is no wind. 
The path to glory is always rugged. 
Living without an aim is like sailing without a compass. 
Quality matters more than quantity. 
The on-looker sees most of the game. 
Wisdom is a good purchase though we pay dear for it . 
Joys shared with others are more enjoyed. 
Happiness takes no account of time. 
Time and tide waits for no man. 
If you want knowledge, you must toil for it. 
Learn to walk before you run. 
Knowing something of everything, and everything of something. 
From words to deeds is a great space. 
Skill and confidence are an unconquered army. 
Habit is a second nature. 
Lifeless, faultless. 
A book is the same today as it always was and it will never change. 
Books, like friends, should be few and well chosen. 
A book that remains shut is but a block. 
It‘s not the gay coat that makes the gentleman. 
Two heads are better than one. 
Birth is much, but breeding is more. 
Nothing is impossible to a willing mind. 
You can‘t make something out of nothing. 
Nothing venture, nothing have. 
Nothing for nothing. 
Of nothing comes nothing. 
He who makes no mistakes makes nothing. 
Better say nothing than nothing to the purpose. 
Nothing succeeds like success. 
Nothing stake, nothing draw. 
Nothing is as good as it seems beforehand. 
Nothing is given so freely as advice. 
Nothing is so certain as the unexpected. 
Nothing seek, nothing find. 
A little of every thing is nothing in the main. 
A great ship asks deep waters. 
The best physicians are Dr. Diet, Dr. Quiet, and Dr. Merryman. 
He that once deceives is ever suspected. 
Empty wagons rattle loudest. 
Nothing so bad but might be a blessing. 
A lazy youth, a lousy age. 
A good medicine tastes bitter. 
A friend is best found in adversity. 
A fall into the pit, a gain in your wit. 
A fair face may hide a foul heart. 
What's in a name? That which we call a rose by any other name would smell as sweet. 
There is but one step from the sublime to the ridiculous. 
Even when the experts all agree, they may well be mistaken. 
Sometimes the most urgent and vital thing you can possibly do is take a complete rest. 
Little drops of water, little grains of sand, make the mighty ocean and the pleasant land. 
Even the weariest river winds somewhere safe to sea. 
The history of mankind is the history of ideas. 
To believe with certainty,we must begin with doubting. 
 life without a friend is a life without a sun. 
A man who has friends must show himself friendly. 
No road is long with good company. 
Faith will move mountain. 
It is better to be alone than in bad company. 
Fine feathers make fine birds. 
Judge not according to the appearance. 
I cannot be your friend and your flatterer too. 
Without confidence there is no friendship. 
A friend in need is a friend indeed. 
A good friend is my nearest relation. 
Without a friend, the world is a wilderness. 
The best mirror is a friend’s eye. 
Success has many friends. 
Poverty tries friends. 
Better without gold than without friends. 
A friend to all is a friend to none. 
All are not friends that speak us fair. 
A man is known by his friends. 
Better an open enemy than a false friend. 
Books and friends should be few but good. 
Friendship cannot stand always on one side. 
Friends must part. 
A trouble shared is a trouble halved. 
A friend is easier lost than found. 
Every man has his faults. 
True friendship lasts forever. 
Many hands make light work. 
When a friend asks, there is no “tomorrow”. 
Even the best of friends must part. 
 Do not , for one repulse , give up the purpose that you resolved to effect .(William Shakespeare , British dramatist) 
Don't part with your illusions . When they are gone you may still exist , but you have ceased to live. (Mark Twain , American writer) 
Ideal is the beacon. Without ideal , there is no secure direction ; without direction , there is no life .( Leo Tolstoy , Russian writer) 
誰も称賛してくれる人がいなくても、自分のことは自身で称えよ。 ～バートン
小さなことばかり考えていると、人柄も小さくなってしまう。 ～井植歳男 
人間の人柄というものは、その人が目下に対する場合の態度、とくに言葉遣いによって分かるものであります。 ～森信三
あまり他人の同情を求めると、軽蔑という景品がついてくる。 ～バーナード・ショー
自分が狙っているものは、他人も狙っている。 ～マーフィーの法則
正論であれば犠牲をかまわず断行してよい、というものではない。 ～山岡荘八
他人の過失を見るなかれ。他人のしたことと、しなかったことを見るな。ただ自分のしたことと、しなかったことを見よ。 ～ブッダ
私は声をあげて称賛し、声を和らげて咎める。 ～世紀のロシアの女帝
決心する前に完全に見通しをつけようとする者は、決心することはできない。 ～アミエル
「させてくれ」と女にお願いしているうちは半人前である。 ～米長邦雄
男の主な仕事は、女を見抜くことがいちばん大事だ。 ～ラクルテル
権力は人を酔わせる。酒に酔った者はいつかさめるが、権力に酔った者は、さめることを知らない。 ～アメリカ政治家
暇があれば、お金がない。お金があれば、暇がない。 ～マーフィーの法則
過去にこだわるものは、未来を失う。 ～チャーチル
どっちにすればいいか分からないときは、どっちにしてもうまくいく。 ～中谷彰宏
忘却なくして幸福はありえない。 ～アンドレ・モーロア
人生は、十段変速の自転車のようなもの。誰もが、自分が持っているものの大半は使っていない。 ～チャールズ・シュルツ
自分こそ正しい、という考えが、あらゆる進歩の過程でもっとも頑強な障害となる。 ～Ｊ.Ｇ.ホーランド
百歩先を見るものは狂人扱いを受け、現状のみを見るものは落伍する。十歩先を見るもののみが成功する。 ～小林一三
楽しまずして何の人生ぞや。 ～吉川英治
どんな機械でも同じだが、具合が悪くなったときに、無理やり油を注いでも効果はない。悪くなった油を全部出してしまうのが先だ。 ～エジソン
あまり賢くない人は、自分が理解できない事については何でもけなす。 ～ラ・ロシュフーコー
他人に中傷され非難されたときに、いたずらに沈黙を守り意味不明な笑いを浮かべるようでは、人間としての尊厳に欠ける。 ～山内昌之
今から一年も経てば、私の現在の悩みなど、おそらくくだらないものに見えることだろう。 ～サミュエル・ジョンソン
一度だけの人生だ｡だから今この時だけを考えろ｡過去は及ばず、未来は知れず。死んでからのことは宗教に任せろ。 ～中村天風
私はかつて、人の悪口を言ったことがあるか！誰か一度でも人の悪口を言ったのを聞いたことがあるか！私は一度もない。 ～田中角栄
何でもないことは流行に従う｡重大なことは道徳に従う｡芸術のことは自分に従う。 ～小津安二郎
仕事が楽しみならば人生は極楽だ｡仕事が義務ならば人生は地獄だ。 ～ロシアの作家
もっとも平安な、そして純粋な喜びの一つは、労働をした後の休息である。 ～カント
