It is never too late to mend. 
Light come, light go. 
Time is money. 
A friend in need is a friend indeed. 
Great hopes make great man. 
After a storm comes a calm. 
All roads lead to Rome. 
Art is long, but life is short. 
Stick to it, and you‘ll succeed. 
Early to bed and early to rise makes a man healthy, wealthy, and wise. 
A good medicine tastes bitter. 
It is good to learn at another man‘s cost. 
Keeping is harder than winning. 
Let‘s cross the bridge when we come to it. 
More haste, less speed. 
No pains, no gains. 
Nothing is difficult to the man who will try. 
Where there is life, there is hope. 
An idle youth, a needy age. 
We must not lie down, and cry, "God help us." 
A plant may produce new flowers; man is young but once. 
God helps those who help themselves. 
What may be done at any time will be done at no time. 
All work and no play makes Jack a dull boy. 
Diligence is the mother of success. 
Truth is the daughter of time. 
Take care of the pence, and the pounds will take care of themselves. 
No man is wise at all times. 
Never put off till tomorrow what you can do today. 
Live and learn. 
Kill two birds with one stone. 
It never rains but it pours. 
In doing we learn. 
Easier said than done. 
An ounce of prevention is worth a pound of cure. 
Industry is fortune‘s right hand, and frugality her left. 
Genius is one percent inspiration and  percent perspiration. 
He who laughs last laughs best. 
He who pays the piper, calls the tune. 
He who has health has hope, and he who has hope has everything. 
No man is born wise or learned. 
Action speak louder than words. 
Courage and resolution are the spirit and soul of virtue. 
United we stand, divided we fall. 
There is no smoke without fire. 
Many hands make light work. 
Reading makes a full man. 
The best horse needs breeding, and the aptest child needs teaching. 
Learn young, learn fair. 
Wisdom in the mind is better than money in the hand. 
Once bitten, twice shy. 
Sound in body, sound in mind. 
Seeing is believing. 
Dogs wave their tails not so much in, love to you as your bread. 
Money is a good servant but a bad master. 
It‘s hard sailing when there is no wind. 
The path to glory is always rugged. 
Living without an aim is like sailing without a compass. 
Quality matters more than quantity. 
The on-looker sees most of the game. 
Wisdom is a good purchase though we pay dear for it . 
Joys shared with others are more enjoyed. 
Happiness takes no account of time. 
Time and tide waits for no man. 
If you want knowledge, you must toil for it. 
Learn to walk before you run. 
Knowing something of everything, and everything of something. 
From words to deeds is a great space. 
Skill and confidence are an unconquered army. 
Habit is a second nature. 
Lifeless, faultless. 
A book is the same today as it always was and it will never change. 
Books, like friends, should be few and well chosen. 
A book that remains shut is but a block. 
It‘s not the gay coat that makes the gentleman. 
Two heads are better than one. 
Birth is much, but breeding is more. 
Nothing is impossible to a willing mind. 
You can‘t make something out of nothing. 
Nothing venture, nothing have. 
Nothing for nothing. 
Of nothing comes nothing. 
He who makes no mistakes makes nothing. 
Better say nothing than nothing to the purpose. 
Nothing succeeds like success. 
Nothing stake, nothing draw. 
Nothing is as good as it seems beforehand. 
Nothing is given so freely as advice. 
Nothing is so certain as the unexpected. 
Nothing seek, nothing find. 
A little of every thing is nothing in the main. 
A great ship asks deep waters. 
The best physicians are Dr. Diet, Dr. Quiet, and Dr. Merryman. 
He that once deceives is ever suspected. 
Empty wagons rattle loudest. 
Nothing so bad but might be a blessing. 
A lazy youth, a lousy age. 
A good medicine tastes bitter. 
A friend is best found in adversity. 
A fall into the pit, a gain in your wit. 
A fair face may hide a foul heart. 
What's in a name? That which we call a rose by any other name would smell as sweet. 
There is but one step from the sublime to the ridiculous. 
Even when the experts all agree, they may well be mistaken. 
Sometimes the most urgent and vital thing you can possibly do is take a complete rest. 
Little drops of water, little grains of sand, make the mighty ocean and the pleasant land. 
Even the weariest river winds somewhere safe to sea. 
The history of mankind is the history of ideas. 
To believe with certainty,we must begin with doubting. 
 life without a friend is a life without a sun. 
A man who has friends must show himself friendly. 
No road is long with good company. 
Faith will move mountain. 
It is better to be alone than in bad company. 
Fine feathers make fine birds. 
Judge not according to the appearance. 
I cannot be your friend and your flatterer too. 
Without confidence there is no friendship. 
A friend in need is a friend indeed. 
A good friend is my nearest relation. 
Without a friend, the world is a wilderness. 
The best mirror is a friend’s eye. 
Success has many friends. 
Poverty tries friends. 
Better without gold than without friends. 
A friend to all is a friend to none. 
All are not friends that speak us fair. 
A man is known by his friends. 
Better an open enemy than a false friend. 
Books and friends should be few but good. 
Friendship cannot stand always on one side. 
Friends must part. 
A trouble shared is a trouble halved. 
A friend is easier lost than found. 
Every man has his faults. 
True friendship lasts forever. 
Many hands make light work. 
When a friend asks, there is no “tomorrow”. 
Even the best of friends must part. 
 Do not , for one repulse , give up the purpose that you resolved to effect .(William Shakespeare , British dramatist) 
Don't part with your illusions . When they are gone you may still exist , but you have ceased to live. (Mark Twain , American writer) 
Ideal is the beacon. Without ideal , there is no secure direction ; without direction , there is no life .( Leo Tolstoy , Russian writer) 
